[2013-05-21 16:01:50] request.ERROR: Uncaught PHP Exception Symfony\Component\HttpKernel\Exception\NotFoundHttpException: "No route found for "GET /wer"" at /home/prabhu/Projects/Symfonyjobeet/app/cache/prod/classes.php line 3622 [] []
[2013-05-21 16:02:40] request.ERROR: Uncaught PHP Exception Symfony\Component\HttpKernel\Exception\NotFoundHttpException: "No route found for "GET /test%20logo"" at /home/prabhu/Projects/Symfonyjobeet/app/cache/prod/classes.php line 3622 [] []
[2013-05-21 16:02:47] request.ERROR: Uncaught PHP Exception Symfony\Component\HttpKernel\Exception\NotFoundHttpException: "No route found for "GET /test%20logo"" at /home/prabhu/Projects/Symfonyjobeet/app/cache/prod/classes.php line 3622 [] []
[2013-05-21 16:03:09] request.ERROR: Uncaught PHP Exception Symfony\Component\HttpKernel\Exception\NotFoundHttpException: "No route found for "GET /test%20logo"" at /home/prabhu/Projects/Symfonyjobeet/app/cache/prod/classes.php line 3622 [] []
[2013-05-21 16:03:12] request.ERROR: Uncaught PHP Exception Symfony\Component\HttpKernel\Exception\NotFoundHttpException: "No route found for "GET /test%20logo"" at /home/prabhu/Projects/Symfonyjobeet/app/cache/prod/classes.php line 3622 [] []
[2013-05-21 16:03:18] request.ERROR: Uncaught PHP Exception Symfony\Component\HttpKernel\Exception\NotFoundHttpException: "No route found for "GET /test%20logo"" at /home/prabhu/Projects/Symfonyjobeet/app/cache/prod/classes.php line 3622 [] []
[2013-05-21 16:03:21] request.ERROR: Uncaught PHP Exception Symfony\Component\HttpKernel\Exception\NotFoundHttpException: "No route found for "GET /test%20logo"" at /home/prabhu/Projects/Symfonyjobeet/app/cache/prod/classes.php line 3622 [] []
[2013-05-21 16:03:29] request.ERROR: Uncaught PHP Exception Symfony\Component\HttpKernel\Exception\NotFoundHttpException: "No route found for "GET /test%20logo"" at /home/prabhu/Projects/Symfonyjobeet/app/cache/prod/classes.php line 3622 [] []
[2013-05-21 16:03:38] request.ERROR: Uncaught PHP Exception Symfony\Component\HttpKernel\Exception\NotFoundHttpException: "No route found for "GET /test%20logo"" at /home/prabhu/Projects/Symfonyjobeet/app/cache/prod/classes.php line 3622 [] []
[2013-05-21 16:03:42] request.ERROR: Uncaught PHP Exception Symfony\Component\HttpKernel\Exception\NotFoundHttpException: "No route found for "GET /test%20logo"" at /home/prabhu/Projects/Symfonyjobeet/app/cache/prod/classes.php line 3622 [] []
[2013-05-21 16:10:22] request.ERROR: Uncaught PHP Exception Symfony\Component\HttpKernel\Exception\NotFoundHttpException: "No route found for "GET /test%20logo"" at /home/prabhu/Projects/Symfonyjobeet/app/cache/prod/classes.php line 3622 [] []
[2013-05-21 16:13:18] request.ERROR: Uncaught PHP Exception Symfony\Component\HttpKernel\Exception\NotFoundHttpException: "No route found for "GET /test%20logo"" at /home/prabhu/Projects/Symfonyjobeet/app/cache/prod/classes.php line 3622 [] []
[2013-05-21 16:13:24] request.ERROR: Uncaught PHP Exception Symfony\Component\HttpKernel\Exception\NotFoundHttpException: "No route found for "GET /test%20logo"" at /home/prabhu/Projects/Symfonyjobeet/app/cache/prod/classes.php line 3622 [] []
[2013-05-21 16:13:26] request.ERROR: Uncaught PHP Exception Symfony\Component\HttpKernel\Exception\NotFoundHttpException: "No route found for "GET /test%20logo"" at /home/prabhu/Projects/Symfonyjobeet/app/cache/prod/classes.php line 3622 [] []
[2013-05-21 16:14:06] request.ERROR: Uncaught PHP Exception Symfony\Component\HttpKernel\Exception\NotFoundHttpException: "No route found for "GET /test%20logo"" at /home/prabhu/Projects/Symfonyjobeet/app/cache/prod/classes.php line 3622 [] []
[2013-05-21 16:15:02] request.ERROR: Uncaught PHP Exception Symfony\Component\HttpKernel\Exception\NotFoundHttpException: "No route found for "GET /test%20logo"" at /home/prabhu/Projects/Symfonyjobeet/app/cache/prod/classes.php line 3622 [] []
[2013-05-21 16:15:08] request.ERROR: Uncaught PHP Exception Symfony\Component\HttpKernel\Exception\NotFoundHttpException: "No route found for "GET /test%20logo"" at /home/prabhu/Projects/Symfonyjobeet/app/cache/prod/classes.php line 3622 [] []
[2013-05-21 16:15:12] request.ERROR: Uncaught PHP Exception Symfony\Component\HttpKernel\Exception\NotFoundHttpException: "No route found for "GET /test%20logo"" at /home/prabhu/Projects/Symfonyjobeet/app/cache/prod/classes.php line 3622 [] []
[2013-05-21 16:17:16] request.ERROR: Uncaught PHP Exception Symfony\Component\HttpKernel\Exception\NotFoundHttpException: "No route found for "GET /test%20logo"" at /home/prabhu/Projects/Symfonyjobeet/app/cache/prod/classes.php line 3622 [] []
[2013-05-21 16:17:19] request.ERROR: Uncaught PHP Exception Symfony\Component\HttpKernel\Exception\NotFoundHttpException: "No route found for "GET /test%20logo"" at /home/prabhu/Projects/Symfonyjobeet/app/cache/prod/classes.php line 3622 [] []
[2013-05-21 16:17:31] request.ERROR: Uncaught PHP Exception Symfony\Component\HttpKernel\Exception\NotFoundHttpException: "No route found for "GET /test%20logo"" at /home/prabhu/Projects/Symfonyjobeet/app/cache/prod/classes.php line 3622 [] []
[2013-05-21 16:17:41] request.ERROR: Uncaught PHP Exception Symfony\Component\HttpKernel\Exception\NotFoundHttpException: "No route found for "GET /test%20logo"" at /home/prabhu/Projects/Symfonyjobeet/app/cache/prod/classes.php line 3622 [] []
[2013-05-21 16:19:26] request.ERROR: Uncaught PHP Exception Symfony\Component\HttpKernel\Exception\NotFoundHttpException: "No route found for "GET /test%20logo"" at /home/prabhu/Projects/Symfonyjobeet/app/cache/prod/classes.php line 3622 [] []
[2013-05-21 16:19:28] request.ERROR: Uncaught PHP Exception Symfony\Component\HttpKernel\Exception\NotFoundHttpException: "No route found for "GET /test%20logo"" at /home/prabhu/Projects/Symfonyjobeet/app/cache/prod/classes.php line 3622 [] []
[2013-05-21 16:19:32] request.ERROR: Uncaught PHP Exception Symfony\Component\HttpKernel\Exception\NotFoundHttpException: "No route found for "GET /test%20logo"" at /home/prabhu/Projects/Symfonyjobeet/app/cache/prod/classes.php line 3622 [] []
[2013-05-21 16:22:09] request.ERROR: Uncaught PHP Exception Symfony\Component\HttpKernel\Exception\NotFoundHttpException: "No route found for "GET /test%20logo"" at /home/prabhu/Projects/Symfonyjobeet/app/cache/prod/classes.php line 3622 [] []
[2013-05-21 16:41:24] request.ERROR: Uncaught PHP Exception Symfony\Component\HttpKernel\Exception\NotFoundHttpException: "No route found for "GET /test%20logo"" at /home/prabhu/Projects/Symfonyjobeet/app/cache/prod/classes.php line 3622 [] []
[2013-05-21 16:41:43] request.ERROR: Uncaught PHP Exception Symfony\Component\HttpKernel\Exception\NotFoundHttpException: "No route found for "GET /test%20logo"" at /home/prabhu/Projects/Symfonyjobeet/app/cache/prod/classes.php line 3622 [] []
[2013-05-21 16:41:47] request.ERROR: Uncaught PHP Exception Symfony\Component\HttpKernel\Exception\NotFoundHttpException: "No route found for "GET /test%20logo"" at /home/prabhu/Projects/Symfonyjobeet/app/cache/prod/classes.php line 3622 [] []
[2013-05-21 16:42:19] request.ERROR: Uncaught PHP Exception Symfony\Component\HttpKernel\Exception\NotFoundHttpException: "No route found for "GET /test%20logo"" at /home/prabhu/Projects/Symfonyjobeet/app/cache/prod/classes.php line 3622 [] []
[2013-05-21 16:42:30] request.ERROR: Uncaught PHP Exception Symfony\Component\HttpKernel\Exception\NotFoundHttpException: "No route found for "GET /test%20logo"" at /home/prabhu/Projects/Symfonyjobeet/app/cache/prod/classes.php line 3622 [] []
[2013-05-21 16:42:38] request.ERROR: Uncaught PHP Exception Symfony\Component\HttpKernel\Exception\NotFoundHttpException: "No route found for "GET /test%20logo"" at /home/prabhu/Projects/Symfonyjobeet/app/cache/prod/classes.php line 3622 [] []
[2013-05-21 16:43:20] request.ERROR: Uncaught PHP Exception Symfony\Component\HttpKernel\Exception\NotFoundHttpException: "No route found for "GET /test%20logo"" at /home/prabhu/Projects/Symfonyjobeet/app/cache/prod/classes.php line 3622 [] []
[2013-05-21 16:43:23] request.ERROR: Uncaught PHP Exception Symfony\Component\HttpKernel\Exception\NotFoundHttpException: "No route found for "GET /test%20logo"" at /home/prabhu/Projects/Symfonyjobeet/app/cache/prod/classes.php line 3622 [] []
[2013-05-21 16:43:35] request.ERROR: Uncaught PHP Exception Symfony\Component\HttpKernel\Exception\NotFoundHttpException: "No route found for "GET /test%20logo"" at /home/prabhu/Projects/Symfonyjobeet/app/cache/prod/classes.php line 3622 [] []
[2013-05-30 11:19:56] request.ERROR: Uncaught PHP Exception Symfony\Component\HttpKernel\Exception\NotFoundHttpException: "No route found for "GET /uploads/jobs/extreme-sensio.gif"" at /home/prabhu/Projects/Symfonyjobeet/app/cache/prod/classes.php line 3622 [] []
[2013-06-04 14:42:44] request.ERROR: Uncaught PHP Exception Symfony\Component\HttpKernel\Exception\NotFoundHttpException: "No route found for "GET /bundles/sonatajquery/jquery_sonata_group.js"" at /home/prabhu/Projects/Symfonyjobeet/app/cache/prod/classes.php line 3622 [] []
[2013-06-04 14:44:26] request.ERROR: Uncaught PHP Exception Symfony\Component\HttpKernel\Exception\NotFoundHttpException: "No route found for "GET /bundles/sonatajquery/jquery_sonata_group.js"" at /home/prabhu/Projects/Symfonyjobeet/app/cache/prod/classes.php line 3622 [] []
[2013-06-04 14:57:38] request.ERROR: Uncaught PHP Exception Symfony\Component\HttpKernel\Exception\NotFoundHttpException: "No route found for "GET /bundles/sonatajquery/jquery_sonata_group.js"" at /home/prabhu/Projects/Symfonyjobeet/app/cache/prod/classes.php line 3622 [] []
[2013-06-04 14:57:43] request.ERROR: Uncaught PHP Exception Symfony\Component\HttpKernel\Exception\NotFoundHttpException: "No route found for "GET /bundles/sonatajquery/jquery_sonata_group.js"" at /home/prabhu/Projects/Symfonyjobeet/app/cache/prod/classes.php line 3622 [] []
[2013-06-04 14:57:47] request.ERROR: Uncaught PHP Exception Symfony\Component\HttpKernel\Exception\NotFoundHttpException: "No route found for "GET /bundles/sonatajquery/jquery_sonata_group.js"" at /home/prabhu/Projects/Symfonyjobeet/app/cache/prod/classes.php line 3622 [] []
[2013-06-04 14:57:51] request.ERROR: Uncaught PHP Exception Symfony\Component\HttpKernel\Exception\NotFoundHttpException: "No route found for "GET /bundles/sonatajquery/jquery_sonata_group.js"" at /home/prabhu/Projects/Symfonyjobeet/app/cache/prod/classes.php line 3622 [] []
[2013-06-04 14:58:24] request.ERROR: Uncaught PHP Exception Symfony\Component\HttpKernel\Exception\NotFoundHttpException: "No route found for "GET /bundles/sonatajquery/jquery_sonata_group.js"" at /home/prabhu/Projects/Symfonyjobeet/app/cache/prod/classes.php line 3622 [] []
[2013-06-04 15:00:01] request.ERROR: Uncaught PHP Exception Symfony\Component\HttpKernel\Exception\NotFoundHttpException: "No route found for "GET /bundles/sonatajquery/sonata_group_checkbox.js"" at /home/prabhu/Projects/Symfonyjobeet/app/cache/prod/classes.php line 3622 [] []
[2013-06-04 15:00:06] request.ERROR: Uncaught PHP Exception Symfony\Component\HttpKernel\Exception\NotFoundHttpException: "No route found for "GET /bundles/sonatajquery/sonata_group_checkbox.js"" at /home/prabhu/Projects/Symfonyjobeet/app/cache/prod/classes.php line 3622 [] []
[2013-06-04 15:00:11] request.ERROR: Uncaught PHP Exception Symfony\Component\HttpKernel\Exception\NotFoundHttpException: "No route found for "GET /bundles/sonatajquery/sonata_group_checkbox.js"" at /home/prabhu/Projects/Symfonyjobeet/app/cache/prod/classes.php line 3622 [] []
[2013-06-04 15:00:14] request.ERROR: Uncaught PHP Exception Symfony\Component\HttpKernel\Exception\NotFoundHttpException: "No route found for "GET /bundles/sonatajquery/sonata_group_checkbox.js"" at /home/prabhu/Projects/Symfonyjobeet/app/cache/prod/classes.php line 3622 [] []
[2013-06-04 15:04:23] request.ERROR: Uncaught PHP Exception Symfony\Component\HttpKernel\Exception\NotFoundHttpException: "No route found for "GET /bundles/sonatajquery/sonata_group_checkbox.js"" at /home/prabhu/Projects/Symfonyjobeet/app/cache/prod/classes.php line 3622 [] []
[2013-06-04 15:05:08] request.ERROR: Uncaught PHP Exception Symfony\Component\HttpKernel\Exception\NotFoundHttpException: "No route found for "GET /bundles/sonatajquery/sonata_group_checkbox.js"" at /home/prabhu/Projects/Symfonyjobeet/app/cache/prod/classes.php line 3622 [] []
[2013-06-04 15:08:30] request.ERROR: Uncaught PHP Exception Symfony\Component\HttpKernel\Exception\NotFoundHttpException: "No route found for "GET /bundles/sonatajquery/sonata_group_checkbox.js"" at /home/prabhu/Projects/Symfonyjobeet/app/cache/prod/classes.php line 3622 [] []
[2013-06-04 15:11:17] request.ERROR: Uncaught PHP Exception Symfony\Component\HttpKernel\Exception\NotFoundHttpException: "No route found for "GET /bundles/sonatajquery/sonata_group_checkbox.js"" at /home/prabhu/Projects/Symfonyjobeet/app/cache/prod/classes.php line 3622 [] []
